<?xml version="1.0" encoding="UTF-8"?>
<testsuite xmlns:xsi="http://www.w3.org/2001/XMLSchema-instance" xsi:noNamespaceSchemaLocation="https://maven.apache.org/surefire/maven-surefire-plugin/xsd/surefire-test-report.xsd" name="com.example.AppTest" time="0.036" tests="1" errors="0" skipped="0" failures="0">
  <properties>
    <property name="java.specification.version" value="17"/>
    <property name="sun.cpu.isalist" value="amd64"/>
    <property name="sun.jnu.encoding" value="Cp1252"/>
    <property name="java.class.path" value="C:\Users\satee\kubernetes\maven-repo\demo\target\test-classes;C:\Users\satee\kubernetes\maven-repo\demo\target\classes;C:\Users\satee\apache-maven-3.5.0\repo\junit\junit\4.11\junit-4.11.jar;C:\Users\satee\apache-maven-3.5.0\repo\org\hamcrest\hamcrest-core\1.3\hamcrest-core-1.3.jar;"/>
    <property name="java.vm.vendor" value="Oracle Corporation"/>
    <property name="sun.arch.data.model" value="64"/>
    <property name="user.variant" value=""/>
    <property name="java.vendor.url" value="https://java.oracle.com/"/>
    <property name="user.timezone" value="Asia/Calcutta"/>
    <property name="os.name" value="Windows 11"/>
    <property name="java.vm.specification.version" value="17"/>
    <property name="sun.java.launcher" value="SUN_STANDARD"/>
    <property name="user.country" value="IN"/>
    <property name="sun.boot.library.path" value="C:\Program Files\Java\jdk-17\bin"/>
    <property name="sun.java.command" value="C:\cygwin64\tmp\surefire15866690968388904888\surefirebooter10800568098620160411.jar C:\cygwin64\tmp\surefire15866690968388904888 2023-07-02T12-23-39_336-jvmRun1 surefire13129356935323631833tmp surefire_014337994186385066809tmp"/>
    <property name="jdk.debug" value="release"/>
    <property name="surefire.test.class.path" value="C:\Users\satee\kubernetes\maven-repo\demo\target\test-classes;C:\Users\satee\kubernetes\maven-repo\demo\target\classes;C:\Users\satee\apache-maven-3.5.0\repo\junit\junit\4.11\junit-4.11.jar;C:\Users\satee\apache-maven-3.5.0\repo\org\hamcrest\hamcrest-core\1.3\hamcrest-core-1.3.jar;"/>
    <property name="sun.cpu.endian" value="little"/>
    <property name="user.home" value="C:\Users\satee"/>
    <property name="user.language" value="en"/>
    <property name="java.specification.vendor" value="Oracle Corporation"/>
    <property name="java.version.date" value="2023-01-17"/>
    <property name="java.home" value="C:\Program Files\Java\jdk-17"/>
    <property name="file.separator" value="\"/>
    <property name="basedir" value="C:\Users\satee\kubernetes\maven-repo\demo"/>
    <property name="java.vm.compressedOopsMode" value="32-bit"/>
    <property name="line.separator" value="&#10;"/>
    <property name="java.vm.specification.vendor" value="Oracle Corporation"/>
    <property name="java.specification.name" value="Java Platform API Specification"/>
    <property name="surefire.real.class.path" value="C:\cygwin64\tmp\surefire15866690968388904888\surefirebooter10800568098620160411.jar"/>
    <property name="user.script" value=""/>
    <property name="sun.management.compiler" value="HotSpot 64-Bit Tiered Compilers"/>
    <property name="java.runtime.version" value="17.0.6+9-LTS-190"/>
    <property name="user.name" value="satee"/>
    <property name="path.separator" value=";"/>
    <property name="os.version" value="10.0"/>
    <property name="java.runtime.name" value="Java(TM) SE Runtime Environment"/>
    <property name="file.encoding" value="Cp1252"/>
    <property name="java.vm.name" value="Java HotSpot(TM) 64-Bit Server VM"/>
    <property name="localRepository" value="C:\Users\satee\apache-maven-3.5.0\repo"/>
    <property name="java.vendor.url.bug" value="https://bugreport.java.com/bugreport/"/>
    <property name="java.io.tmpdir" value="C:\cygwin64\tmp\"/>
    <property name="java.version" value="17.0.6"/>
    <property name="user.dir" value="C:\Users\satee\kubernetes\maven-repo\demo"/>
    <property name="os.arch" value="amd64"/>
    <property name="java.vm.specification.name" value="Java Virtual Machine Specification"/>
    <property name="sun.os.patch.level" value=""/>
    <property name="native.encoding" value="Cp1252"/>
    <property name="java.library.path" value="C:\Program Files\Java\jdk-17\bin;C:\WINDOWS\Sun\Java\bin;C:\WINDOWS\system32;C:\WINDOWS;C:\cygwin64\usr\local\bin;C:\cygwin64\bin;C:\cygwin64\bin;C:\Program Files\ConEmu\ConEmu\Scripts;C:\Program Files\ConEmu;C:\Program Files\ConEmu\ConEmu;C:\Python311\Scripts;C:\Python311;C:\Program Files\Common Files\Oracle\Java\javapath;C:\Windows\System32;C:\minikube;C:\Windows\System32\WindowsPowerShell\v1.0;C:\Users\satee\apache-maven-3.5.0\bin;C:\Program Files\Java\jdk-17;C:\Program Files\Sublime Text;C:\ProgramData\chocolatey\bin;C:\Program Files\PuTTY;C:\Program Files\Kubernetes\Minikube;C:\Program Files\Git\cmd;C:\Program Files\Docker\Docker\resources\bin;C:\Program Files\PowerShell\7;C:\Python311\Scripts;C:\Users\satee\.console-ninja\.bin;C:\Users\satee\AppData\Local\Microsoft\WindowsApps;C:\Users\satee\PyCharm Community Edition 2022.3.3\bin;C:\Program Files\JetBrains\DataSpell 2022.3.3\bin;C:\Users\satee\AppData\Local\Programs\Microsoft VS Code\bin;C:\Program Files\Java\jdk-17;C:\Program Files (x86)\Brackets;C:\Users\satee\AppData\Local\GitHubDesktop\bin;C:\Users\satee\AppData\Local\atom\bin;C:\Users\satee\AppData\Local\Programs\Hyper\resources\bin;C:\Users\satee\AppData\Local\inkdrop\bin;C:\Program Files (x86)\GnuWin32\bin;C:\Users\satee\AppData\Local\Programs\oh-my-posh\bin;C:\Python311\Scripts;."/>
    <property name="java.vm.info" value="mixed mode, sharing"/>
    <property name="java.vendor" value="Oracle Corporation"/>
    <property name="java.vm.version" value="17.0.6+9-LTS-190"/>
    <property name="sun.io.unicode.encoding" value="UnicodeLittle"/>
    <property name="java.class.version" value="61.0"/>
  </properties>
  <testcase name="shouldAnswerWithTrue" classname="com.example.AppTest" time="0.002"/>
</testsuite>